<?xml version="1.0" encoding="UTF-8"?>
<!-- Generated by org.testng.reporters.JUnitXMLReporter -->
<testsuite hostname="DESKTOP-CH0GL2S" ignored="5" name="Surefire test" tests="1" failures="0" timestamp="2023-03-06T16:19:18 PST" time="17.115" errors="0">
  <testcase name="testInstagram" time="16.626" classname="specs.HomeTest"/>
  <testcase name="testLogoName" time="0.0" classname="specs.HomeTest">
    <ignored/>
  </testcase> <!-- testLogoName -->
  <testcase name="testVk" time="0.0" classname="specs.HomeTest">
    <ignored/>
  </testcase> <!-- testVk -->
  <testcase name="testYoutube" time="0.0" classname="specs.HomeTest">
    <ignored/>
  </testcase> <!-- testYoutube -->
  <testcase name="testPrices" time="0.0" classname="specs.HomeTest">
    <ignored/>
  </testcase> <!-- testPrices -->
  <testcase name="testFacebook" time="0.0" classname="specs.HomeTest">
    <ignored/>
  </testcase> <!-- testFacebook -->
</testsuite> <!-- Surefire test -->
