<?xml version="1.0" encoding="UTF-8"?>
<!-- Generated by org.testng.reporters.JUnitXMLReporter -->
<testsuite hostname="DESKTOP-CH0GL2S" ignored="4" name="Surefire test" tests="1" failures="1" timestamp="2023-03-20T15:31:11 PDT" time="19.846" errors="0">
  <testcase name="songsDescOrder" time="19.264" classname="specs.RepertoireTest">
    <failure type="java.lang.IllegalMonitorStateException">
      <![CDATA[java.lang.IllegalMonitorStateException
at java.lang.Object.wait(Native Method)
at blsitetest.steps.RepertoirePageSteps.songsOrder(RepertoirePageSteps.java:98)
at specs.RepertoireTest.songsDescOrder(RepertoireTest.java:59)
at java.util.ArrayList.forEach(ArrayList.java:1257)
... Removed 32 stack frames]]>
    </failure>
  </testcase> <!-- songsDescOrder -->
  <testcase name="docxDownload" time="0.0" classname="specs.RepertoireTest">
    <ignored/>
  </testcase> <!-- docxDownload -->
  <testcase name="pdfDownload" time="0.0" classname="specs.RepertoireTest">
    <ignored/>
  </testcase> <!-- pdfDownload -->
  <testcase name="songIsInPlaylist" time="0.0" classname="specs.RepertoireTest">
    <ignored/>
  </testcase> <!-- songIsInPlaylist -->
  <testcase name="songIsNotInPlaylist" time="0.0" classname="specs.RepertoireTest">
    <ignored/>
  </testcase> <!-- songIsNotInPlaylist -->
</testsuite> <!-- Surefire test -->
