<?xml version="1.0" encoding="UTF-8"?>
<testng-results ignored="0" total="2" passed="2" failed="0" skipped="0">
  <reporter-output>
  </reporter-output>
  <suite started-at="2023-02-28T22:15:51 PST" name="Surefire suite" finished-at="2023-02-28T22:16:12 PST" duration-ms="20674">
    <groups>
    </groups>
    <test started-at="2023-02-28T22:15:51 PST" name="Surefire test" finished-at="2023-02-28T22:16:12 PST" duration-ms="20674">
      <class name="specs.HomeTest">
        <test-method signature="testLogoName()[pri:0, instance:specs.HomeTest@12f8b1d8]" started-at="2023-02-28T22:15:51 PST" name="testLogoName" description="Test logo and name visibility on home page" finished-at="2023-02-28T22:16:05 PST" duration-ms="13875" status="PASS">
          <reporter-output>
          </reporter-output>
        </test-method> <!-- testLogoName -->
      </class> <!-- specs.HomeTest -->
      <class name="specs.WeddingPageTest">
        <test-method signature="testWedding2023()[pri:0, instance:specs.WeddingPageTest@1f193686]" started-at="2023-02-28T22:16:05 PST" name="testWedding2023" description="Test weddings2023 button on the home page.Test wedding programs div visibility on weddings2023 page.Test price buttons on weddings2023 page." finished-at="2023-02-28T22:16:12 PST" duration-ms="6323" status="PASS">
          <reporter-output>
          </reporter-output>
        </test-method> <!-- testWedding2023 -->
      </class> <!-- specs.WeddingPageTest -->
    </test> <!-- Surefire test -->
  </suite> <!-- Surefire suite -->
</testng-results>
