<?xml version="1.0" encoding="UTF-8"?>
<!-- Generated by org.testng.reporters.JUnitXMLReporter -->
<testsuite ignored="1" hostname="DESKTOP-CH0GL2S" failures="0" tests="1" name="Command line test" time="12.633" errors="0" timestamp="2023-02-15T11:57:56 PST">
  <testcase classname="specs.HomeTest" name="testWeddingProgramAndButtons" time="12.593"/>
  <testcase classname="specs.HomeTest" name="testLogoName" time="0.0">
    <ignored/>
  </testcase> <!-- testLogoName -->
</testsuite> <!-- Command line test -->
